2026-06-30 18:39:16,352 [INFO] Activator:177 - 


2026-06-30 18:39:16,355 [INFO] Activator:178 - !SESSION log4j initialized
2026-06-30 18:39:22,721 [INFO] LogOutputStream:77 - [STDOUT_REDIRECT] 
2026-06-30 19:10:38,565 [INFO] Activator:177 - 


2026-06-30 19:10:38,571 [INFO] Activator:178 - !SESSION log4j initialized
2026-06-30 19:10:45,955 [INFO] LogOutputStream:77 - [STDOUT_REDIRECT] 
2026-06-30 19:11:08,504 [ERROR] LogOutputStream:75 - [STDERR_REDIRECT] [log;+0300 2026.06.30 19:11:08:499;ERROR;org.eclipse.ecf.identity;org.eclipse.core.runtime.Status[plugin=org.eclipse.ecf.identity;code=4;message=Namespace cannot be null;severity4;exception=org.eclipse.ecf.core.identity.IDCreateException: Namespace cannot be null;children=[]]]
2026-06-30 19:11:08,508 [ERROR] LogOutputStream:75 - [STDERR_REDIRECT] org.eclipse.ecf.core.identity.IDCreateException: Namespace cannot be null
2026-06-30 19:11:08,510 [ERROR] LogOutputStream:75 - [STDERR_REDIRECT] 	at org.eclipse.ecf.core.identity.IDFactory.logAndThrow(IDFactory.java:174)
2026-06-30 19:11:08,513 [ERROR] LogOutputStream:75 - [STDERR_REDIRECT] 	at org.eclipse.ecf.core.identity.IDFactory.createID(IDFactory.java:190)
2026-06-30 19:11:08,517 [ERROR] LogOutputStream:75 - [STDERR_REDIRECT] 	at org.eclipse.ecf.filetransfer.identity.FileIDFactory.createFileID(FileIDFactory.java:120)
2026-06-30 19:11:08,520 [ERROR] LogOutputStream:75 - [STDERR_REDIRECT] 	at org.eclipse.ecf.filetransfer.identity.FileIDFactory.createFileID(FileIDFactory.java:78)
2026-06-30 19:11:08,523 [ERROR] LogOutputStream:75 - [STDERR_REDIRECT] 	at org.eclipse.equinox.internal.p2.transport.ecf.FileInfoReader.getLastModified(FileInfoReader.java:70)
2026-06-30 19:11:08,528 [ERROR] LogOutputStream:75 - [STDERR_REDIRECT] 	at org.eclipse.equinox.internal.p2.transport.ecf.RepositoryTransport.getLastModified(RepositoryTransport.java:281)
2026-06-30 19:11:08,532 [ERROR] LogOutputStream:75 - [STDERR_REDIRECT] 	at org.eclipse.equinox.internal.p2.repository.CacheManager.getLastModified(CacheManager.java:287)
2026-06-30 19:11:08,534 [ERROR] LogOutputStream:75 - [STDERR_REDIRECT] 	at org.eclipse.equinox.internal.p2.repository.CacheManager.createCache(CacheManager.java:198)
2026-06-30 19:11:08,537 [ERROR] LogOutputStream:75 - [STDERR_REDIRECT] 	at org.eclipse.equinox.internal.p2.metadata.repository.CompositeMetadataRepositoryFactory.getLocalFile(CompositeMetadataRepositoryFactory.java:81)
2026-06-30 19:11:08,541 [ERROR] LogOutputStream:75 - [STDERR_REDIRECT] 	at org.eclipse.equinox.internal.p2.metadata.repository.CompositeMetadataRepositoryFactory.load(CompositeMetadataRepositoryFactory.java:105)
2026-06-30 19:20:34,567 [INFO] Activator:177 - 


2026-06-30 19:20:34,569 [INFO] Activator:178 - !SESSION log4j initialized
2026-06-30 19:20:42,033 [INFO] LogOutputStream:77 - [STDOUT_REDIRECT] 
